<?xml version="1.0" encoding="UTF-8"?>
<!-- Generated by org.testng.reporters.JUnitReportReporter -->
<testsuite skipped="0" hostname="DESKTOP-C9P6VR1" name="tests.LoginTests" tests="1" failures="0" timestamp="29 Apr 2020 08:29:56 GMT" time="1.978" errors="0">
  <testcase name="invalidRegistrationTest_InvalidUserNameInvalidPassword" time="1.978" classname="tests.LoginTests"/>
</testsuite> <!-- tests.LoginTests -->
